12-Jun-2020 15:56:39.655 정보 [main] org.apache.catalina.startup.VersionLoggerListener.log 서버 버전 이름:        Apache Tomcat/8.5.56
12-Jun-2020 15:56:39.695 정보 [main] org.apache.catalina.startup.VersionLoggerListener.log Server 빌드 시각:          Jun 3 2020 20:18:30 UTC
12-Jun-2020 15:56:39.696 정보 [main] org.apache.catalina.startup.VersionLoggerListener.log Server 버전 번호:         8.5.56.0
12-Jun-2020 15:56:39.696 정보 [main] org.apache.catalina.startup.VersionLoggerListener.log 운영체제 이름:               Windows 10
12-Jun-2020 15:56:39.696 정보 [main] org.apache.catalina.startup.VersionLoggerListener.log 운영체제 버전:            10.0
12-Jun-2020 15:56:39.697 정보 [main] org.apache.catalina.startup.VersionLoggerListener.log 아키텍처:          amd64
12-Jun-2020 15:56:39.697 정보 [main] org.apache.catalina.startup.VersionLoggerListener.log 자바 홈:             C:\Program Files\Java\jdk1.8.0_251\jre
12-Jun-2020 15:56:39.698 정보 [main] org.apache.catalina.startup.VersionLoggerListener.log JVM 버전:           1.8.0_251-b08
12-Jun-2020 15:56:39.698 정보 [main] org.apache.catalina.startup.VersionLoggerListener.log JVM 벤더:            Oracle Corporation
12-Jun-2020 15:56:39.698 정보 [main] org.apache.catalina.startup.VersionLoggerListener.log CATALINA_BASE:         C:\JSP\apache-tomcat-8.5.56
12-Jun-2020 15:56:39.699 정보 [main] org.apache.catalina.startup.VersionLoggerListener.log CATALINA_HOME:         C:\JSP\apache-tomcat-8.5.56
12-Jun-2020 15:56:39.701 정보 [main] org.apache.catalina.startup.VersionLoggerListener.log 명령 행 아규먼트: -Djava.util.logging.config.file=C:\JSP\apache-tomcat-8.5.56\conf\logging.properties
12-Jun-2020 15:56:39.703 정보 [main] org.apache.catalina.startup.VersionLoggerListener.log 명령 행 아규먼트: -Djava.util.logging.manager=org.apache.juli.ClassLoaderLogManager
12-Jun-2020 15:56:39.710 정보 [main] org.apache.catalina.startup.VersionLoggerListener.log 명령 행 아규먼트: -Djdk.tls.ephemeralDHKeySize=2048
12-Jun-2020 15:56:39.713 정보 [main] org.apache.catalina.startup.VersionLoggerListener.log 명령 행 아규먼트: -Djava.protocol.handler.pkgs=org.apache.catalina.webresources
12-Jun-2020 15:56:39.715 정보 [main] org.apache.catalina.startup.VersionLoggerListener.log 명령 행 아규먼트: -Dignore.endorsed.dirs=
12-Jun-2020 15:56:39.717 정보 [main] org.apache.catalina.startup.VersionLoggerListener.log 명령 행 아규먼트: -Dcatalina.base=C:\JSP\apache-tomcat-8.5.56
12-Jun-2020 15:56:39.723 정보 [main] org.apache.catalina.startup.VersionLoggerListener.log 명령 행 아규먼트: -Dcatalina.home=C:\JSP\apache-tomcat-8.5.56
12-Jun-2020 15:56:39.725 정보 [main] org.apache.catalina.startup.VersionLoggerListener.log 명령 행 아규먼트: -Djava.io.tmpdir=C:\JSP\apache-tomcat-8.5.56\temp
12-Jun-2020 15:56:39.727 정보 [main] org.apache.catalina.core.AprLifecycleListener.lifecycleEvent APR 버전 [1.7.0]을(를) 사용한, APR 기반 Apache Tomcat Native 라이브러리 [1.2.24]을(를) 로드했습니다.
12-Jun-2020 15:56:39.733 정보 [main] org.apache.catalina.core.AprLifecycleListener.lifecycleEvent APR 용량정보들: IPv6 [true], sendfile [true], accept filters [false], random [true].
12-Jun-2020 15:56:39.736 정보 [main] org.apache.catalina.core.AprLifecycleListener.lifecycleEvent APR/OpenSSL 설정: useAprConnector [false], useOpenSSL [true]
12-Jun-2020 15:56:39.773 정보 [main] org.apache.catalina.core.AprLifecycleListener.initializeSSL OpenSSL이 성공적으로 초기화되었습니다: [OpenSSL 1.1.1g  21 Apr 2020]
12-Jun-2020 15:56:40.581 정보 [main] org.apache.coyote.AbstractProtocol.init 프로토콜 핸들러 ["http-nio-8080"]을(를) 초기화합니다.
12-Jun-2020 15:56:41.339 정보 [main] org.apache.tomcat.util.net.NioSelectorPool.getSharedSelector Using a shared selector for servlet write/read
12-Jun-2020 15:56:41.375 정보 [main] org.apache.catalina.startup.Catalina.load Initialization processed in 2605 ms
12-Jun-2020 15:56:41.458 정보 [main] org.apache.catalina.core.StandardService.startInternal 서비스 [Catalina]을(를) 시작합니다.
12-Jun-2020 15:56:41.462 정보 [main] org.apache.catalina.core.StandardEngine.startInternal Starting Servlet Engine: Apache Tomcat/8.5.56
12-Jun-2020 15:56:41.482 정보 [localhost-startStop-1] org.apache.catalina.startup.HostConfig.deployDirectory 웹 애플리케이션 디렉토리 [C:\JSP\apache-tomcat-8.5.56\webapps\docs]을(를) 배치합니다.
12-Jun-2020 15:56:42.013 정보 [localhost-startStop-1] org.apache.catalina.startup.HostConfig.deployDirectory 웹 애플리케이션 디렉토리 [C:\JSP\apache-tomcat-8.5.56\webapps\docs]에 대한 배치가 [529] 밀리초에 완료되었습니다.
12-Jun-2020 15:56:42.021 정보 [localhost-startStop-1] org.apache.catalina.startup.HostConfig.deployDirectory 웹 애플리케이션 디렉토리 [C:\JSP\apache-tomcat-8.5.56\webapps\examples]을(를) 배치합니다.
12-Jun-2020 15:56:44.025 정보 [localhost-startStop-1] org.apache.catalina.startup.HostConfig.deployDirectory 웹 애플리케이션 디렉토리 [C:\JSP\apache-tomcat-8.5.56\webapps\examples]에 대한 배치가 [2,004] 밀리초에 완료되었습니다.
12-Jun-2020 15:56:44.030 정보 [localhost-startStop-1] org.apache.catalina.startup.HostConfig.deployDirectory 웹 애플리케이션 디렉토리 [C:\JSP\apache-tomcat-8.5.56\webapps\host-manager]을(를) 배치합니다.
12-Jun-2020 15:56:44.103 정보 [localhost-startStop-1] org.apache.catalina.startup.HostConfig.deployDirectory 웹 애플리케이션 디렉토리 [C:\JSP\apache-tomcat-8.5.56\webapps\host-manager]에 대한 배치가 [73] 밀리초에 완료되었습니다.
12-Jun-2020 15:56:44.107 정보 [localhost-startStop-1] org.apache.catalina.startup.HostConfig.deployDirectory 웹 애플리케이션 디렉토리 [C:\JSP\apache-tomcat-8.5.56\webapps\manager]을(를) 배치합니다.
12-Jun-2020 15:56:44.172 정보 [localhost-startStop-1] org.apache.catalina.startup.HostConfig.deployDirectory 웹 애플리케이션 디렉토리 [C:\JSP\apache-tomcat-8.5.56\webapps\manager]에 대한 배치가 [64] 밀리초에 완료되었습니다.
12-Jun-2020 15:56:44.177 정보 [localhost-startStop-1] org.apache.catalina.startup.HostConfig.deployDirectory 웹 애플리케이션 디렉토리 [C:\JSP\apache-tomcat-8.5.56\webapps\ROOT]을(를) 배치합니다.
12-Jun-2020 15:56:44.222 정보 [localhost-startStop-1] org.apache.catalina.startup.HostConfig.deployDirectory 웹 애플리케이션 디렉토리 [C:\JSP\apache-tomcat-8.5.56\webapps\ROOT]에 대한 배치가 [45] 밀리초에 완료되었습니다.
12-Jun-2020 15:56:44.231 정보 [main] org.apache.coyote.AbstractProtocol.start 프로토콜 핸들러 ["http-nio-8080"]을(를) 시작합니다.
12-Jun-2020 15:56:44.249 정보 [main] org.apache.catalina.startup.Catalina.start Server startup in 2871 ms
