10-Jun-2020 03:41:57.234 정보 [main] org.apache.catalina.startup.VersionLoggerListener.log 서버 버전 이름:        Apache Tomcat/8.5.56
10-Jun-2020 03:41:57.250 정보 [main] org.apache.catalina.startup.VersionLoggerListener.log Server 빌드 시각:          Jun 3 2020 20:18:30 UTC
10-Jun-2020 03:41:57.250 정보 [main] org.apache.catalina.startup.VersionLoggerListener.log Server 버전 번호:         8.5.56.0
10-Jun-2020 03:41:57.250 정보 [main] org.apache.catalina.startup.VersionLoggerListener.log 운영체제 이름:               Windows 10
10-Jun-2020 03:41:57.251 정보 [main] org.apache.catalina.startup.VersionLoggerListener.log 운영체제 버전:            10.0
10-Jun-2020 03:41:57.253 정보 [main] org.apache.catalina.startup.VersionLoggerListener.log 아키텍처:          amd64
10-Jun-2020 03:41:57.253 정보 [main] org.apache.catalina.startup.VersionLoggerListener.log 자바 홈:             C:\Program Files\Java\jdk1.8.0_251\jre
10-Jun-2020 03:41:57.254 정보 [main] org.apache.catalina.startup.VersionLoggerListener.log JVM 버전:           1.8.0_251-b08
10-Jun-2020 03:41:57.254 정보 [main] org.apache.catalina.startup.VersionLoggerListener.log JVM 벤더:            Oracle Corporation
10-Jun-2020 03:41:57.255 정보 [main] org.apache.catalina.startup.VersionLoggerListener.log CATALINA_BASE:         C:\JSP\apache-tomcat-8.5.56
10-Jun-2020 03:41:57.255 정보 [main] org.apache.catalina.startup.VersionLoggerListener.log CATALINA_HOME:         C:\JSP\apache-tomcat-8.5.56
10-Jun-2020 03:41:57.257 정보 [main] org.apache.catalina.startup.VersionLoggerListener.log 명령 행 아규먼트: -Djava.util.logging.config.file=C:\JSP\apache-tomcat-8.5.56\conf\logging.properties
10-Jun-2020 03:41:57.263 정보 [main] org.apache.catalina.startup.VersionLoggerListener.log 명령 행 아규먼트: -Djava.util.logging.manager=org.apache.juli.ClassLoaderLogManager
10-Jun-2020 03:41:57.265 정보 [main] org.apache.catalina.startup.VersionLoggerListener.log 명령 행 아규먼트: -Djdk.tls.ephemeralDHKeySize=2048
10-Jun-2020 03:41:57.268 정보 [main] org.apache.catalina.startup.VersionLoggerListener.log 명령 행 아규먼트: -Djava.protocol.handler.pkgs=org.apache.catalina.webresources
10-Jun-2020 03:41:57.272 정보 [main] org.apache.catalina.startup.VersionLoggerListener.log 명령 행 아규먼트: -Dignore.endorsed.dirs=
10-Jun-2020 03:41:57.277 정보 [main] org.apache.catalina.startup.VersionLoggerListener.log 명령 행 아규먼트: -Dcatalina.base=C:\JSP\apache-tomcat-8.5.56
10-Jun-2020 03:41:57.279 정보 [main] org.apache.catalina.startup.VersionLoggerListener.log 명령 행 아규먼트: -Dcatalina.home=C:\JSP\apache-tomcat-8.5.56
10-Jun-2020 03:41:57.281 정보 [main] org.apache.catalina.startup.VersionLoggerListener.log 명령 행 아규먼트: -Djava.io.tmpdir=C:\JSP\apache-tomcat-8.5.56\temp
10-Jun-2020 03:41:57.283 정보 [main] org.apache.catalina.core.AprLifecycleListener.lifecycleEvent APR 버전 [1.7.0]을(를) 사용한, APR 기반 Apache Tomcat Native 라이브러리 [1.2.24]을(를) 로드했습니다.
10-Jun-2020 03:41:57.290 정보 [main] org.apache.catalina.core.AprLifecycleListener.lifecycleEvent APR 용량정보들: IPv6 [true], sendfile [true], accept filters [false], random [true].
10-Jun-2020 03:41:57.292 정보 [main] org.apache.catalina.core.AprLifecycleListener.lifecycleEvent APR/OpenSSL 설정: useAprConnector [false], useOpenSSL [true]
10-Jun-2020 03:41:57.312 정보 [main] org.apache.catalina.core.AprLifecycleListener.initializeSSL OpenSSL이 성공적으로 초기화되었습니다: [OpenSSL 1.1.1g  21 Apr 2020]
10-Jun-2020 03:41:58.221 정보 [main] org.apache.coyote.AbstractProtocol.init 프로토콜 핸들러 ["http-nio-8080"]을(를) 초기화합니다.
10-Jun-2020 03:41:59.096 정보 [main] org.apache.tomcat.util.net.NioSelectorPool.getSharedSelector Using a shared selector for servlet write/read
10-Jun-2020 03:41:59.132 정보 [main] org.apache.catalina.startup.Catalina.load Initialization processed in 2784 ms
10-Jun-2020 03:41:59.200 정보 [main] org.apache.catalina.core.StandardService.startInternal 서비스 [Catalina]을(를) 시작합니다.
10-Jun-2020 03:41:59.205 정보 [main] org.apache.catalina.core.StandardEngine.startInternal Starting Servlet Engine: Apache Tomcat/8.5.56
10-Jun-2020 03:41:59.224 정보 [localhost-startStop-1] org.apache.catalina.startup.HostConfig.deployDirectory 웹 애플리케이션 디렉토리 [C:\JSP\apache-tomcat-8.5.56\webapps\docs]을(를) 배치합니다.
10-Jun-2020 03:41:59.605 정보 [localhost-startStop-1] org.apache.catalina.startup.HostConfig.deployDirectory 웹 애플리케이션 디렉토리 [C:\JSP\apache-tomcat-8.5.56\webapps\docs]에 대한 배치가 [379] 밀리초에 완료되었습니다.
10-Jun-2020 03:41:59.613 정보 [localhost-startStop-1] org.apache.catalina.startup.HostConfig.deployDirectory 웹 애플리케이션 디렉토리 [C:\JSP\apache-tomcat-8.5.56\webapps\examples]을(를) 배치합니다.
10-Jun-2020 03:42:00.265 정보 [localhost-startStop-1] org.apache.catalina.startup.HostConfig.deployDirectory 웹 애플리케이션 디렉토리 [C:\JSP\apache-tomcat-8.5.56\webapps\examples]에 대한 배치가 [652] 밀리초에 완료되었습니다.
10-Jun-2020 03:42:00.270 정보 [localhost-startStop-1] org.apache.catalina.startup.HostConfig.deployDirectory 웹 애플리케이션 디렉토리 [C:\JSP\apache-tomcat-8.5.56\webapps\host-manager]을(를) 배치합니다.
10-Jun-2020 03:42:00.325 정보 [localhost-startStop-1] org.apache.catalina.startup.HostConfig.deployDirectory 웹 애플리케이션 디렉토리 [C:\JSP\apache-tomcat-8.5.56\webapps\host-manager]에 대한 배치가 [56] 밀리초에 완료되었습니다.
10-Jun-2020 03:42:00.329 정보 [localhost-startStop-1] org.apache.catalina.startup.HostConfig.deployDirectory 웹 애플리케이션 디렉토리 [C:\JSP\apache-tomcat-8.5.56\webapps\manager]을(를) 배치합니다.
10-Jun-2020 03:42:00.390 정보 [localhost-startStop-1] org.apache.catalina.startup.HostConfig.deployDirectory 웹 애플리케이션 디렉토리 [C:\JSP\apache-tomcat-8.5.56\webapps\manager]에 대한 배치가 [60] 밀리초에 완료되었습니다.
10-Jun-2020 03:42:00.394 정보 [localhost-startStop-1] org.apache.catalina.startup.HostConfig.deployDirectory 웹 애플리케이션 디렉토리 [C:\JSP\apache-tomcat-8.5.56\webapps\ROOT]을(를) 배치합니다.
10-Jun-2020 03:42:00.436 정보 [localhost-startStop-1] org.apache.catalina.startup.HostConfig.deployDirectory 웹 애플리케이션 디렉토리 [C:\JSP\apache-tomcat-8.5.56\webapps\ROOT]에 대한 배치가 [42] 밀리초에 완료되었습니다.
10-Jun-2020 03:42:00.446 정보 [main] org.apache.coyote.AbstractProtocol.start 프로토콜 핸들러 ["http-nio-8080"]을(를) 시작합니다.
10-Jun-2020 03:42:00.465 정보 [main] org.apache.catalina.startup.Catalina.start Server startup in 1332 ms
10-Jun-2020 03:50:50.991 정보 [main] org.apache.catalina.startup.VersionLoggerListener.log 서버 버전 이름:        Apache Tomcat/8.5.56
10-Jun-2020 03:50:51.025 정보 [main] org.apache.catalina.startup.VersionLoggerListener.log Server 빌드 시각:          Jun 3 2020 20:18:30 UTC
10-Jun-2020 03:50:51.025 정보 [main] org.apache.catalina.startup.VersionLoggerListener.log Server 버전 번호:         8.5.56.0
10-Jun-2020 03:50:51.026 정보 [main] org.apache.catalina.startup.VersionLoggerListener.log 운영체제 이름:               Windows 10
10-Jun-2020 03:50:51.026 정보 [main] org.apache.catalina.startup.VersionLoggerListener.log 운영체제 버전:            10.0
10-Jun-2020 03:50:51.027 정보 [main] org.apache.catalina.startup.VersionLoggerListener.log 아키텍처:          amd64
10-Jun-2020 03:50:51.027 정보 [main] org.apache.catalina.startup.VersionLoggerListener.log 자바 홈:             C:\Program Files\Java\jdk1.8.0_251\jre
10-Jun-2020 03:50:51.027 정보 [main] org.apache.catalina.startup.VersionLoggerListener.log JVM 버전:           1.8.0_251-b08
10-Jun-2020 03:50:51.028 정보 [main] org.apache.catalina.startup.VersionLoggerListener.log JVM 벤더:            Oracle Corporation
10-Jun-2020 03:50:51.028 정보 [main] org.apache.catalina.startup.VersionLoggerListener.log CATALINA_BASE:         C:\JSP\apache-tomcat-8.5.56
10-Jun-2020 03:50:51.028 정보 [main] org.apache.catalina.startup.VersionLoggerListener.log CATALINA_HOME:         C:\JSP\apache-tomcat-8.5.56
10-Jun-2020 03:50:51.029 정보 [main] org.apache.catalina.startup.VersionLoggerListener.log 명령 행 아규먼트: -Djava.util.logging.config.file=C:\JSP\apache-tomcat-8.5.56\conf\logging.properties
10-Jun-2020 03:50:51.031 정보 [main] org.apache.catalina.startup.VersionLoggerListener.log 명령 행 아규먼트: -Djava.util.logging.manager=org.apache.juli.ClassLoaderLogManager
10-Jun-2020 03:50:51.033 정보 [main] org.apache.catalina.startup.VersionLoggerListener.log 명령 행 아규먼트: -Djdk.tls.ephemeralDHKeySize=2048
10-Jun-2020 03:50:51.037 정보 [main] org.apache.catalina.startup.VersionLoggerListener.log 명령 행 아규먼트: -Djava.protocol.handler.pkgs=org.apache.catalina.webresources
10-Jun-2020 03:50:51.040 정보 [main] org.apache.catalina.startup.VersionLoggerListener.log 명령 행 아규먼트: -Dignore.endorsed.dirs=
10-Jun-2020 03:50:51.042 정보 [main] org.apache.catalina.startup.VersionLoggerListener.log 명령 행 아규먼트: -Dcatalina.base=C:\JSP\apache-tomcat-8.5.56
10-Jun-2020 03:50:51.045 정보 [main] org.apache.catalina.startup.VersionLoggerListener.log 명령 행 아규먼트: -Dcatalina.home=C:\JSP\apache-tomcat-8.5.56
10-Jun-2020 03:50:51.052 정보 [main] org.apache.catalina.startup.VersionLoggerListener.log 명령 행 아규먼트: -Djava.io.tmpdir=C:\JSP\apache-tomcat-8.5.56\temp
10-Jun-2020 03:50:51.054 정보 [main] org.apache.catalina.core.AprLifecycleListener.lifecycleEvent APR 버전 [1.7.0]을(를) 사용한, APR 기반 Apache Tomcat Native 라이브러리 [1.2.24]을(를) 로드했습니다.
10-Jun-2020 03:50:51.059 정보 [main] org.apache.catalina.core.AprLifecycleListener.lifecycleEvent APR 용량정보들: IPv6 [true], sendfile [true], accept filters [false], random [true].
10-Jun-2020 03:50:51.062 정보 [main] org.apache.catalina.core.AprLifecycleListener.lifecycleEvent APR/OpenSSL 설정: useAprConnector [false], useOpenSSL [true]
10-Jun-2020 03:50:51.084 정보 [main] org.apache.catalina.core.AprLifecycleListener.initializeSSL OpenSSL이 성공적으로 초기화되었습니다: [OpenSSL 1.1.1g  21 Apr 2020]
10-Jun-2020 03:50:51.874 정보 [main] org.apache.coyote.AbstractProtocol.init 프로토콜 핸들러 ["http-nio-8080"]을(를) 초기화합니다.
10-Jun-2020 03:50:52.674 정보 [main] org.apache.tomcat.util.net.NioSelectorPool.getSharedSelector Using a shared selector for servlet write/read
10-Jun-2020 03:50:52.710 정보 [main] org.apache.catalina.startup.Catalina.load Initialization processed in 2390 ms
10-Jun-2020 03:50:52.780 정보 [main] org.apache.catalina.core.StandardService.startInternal 서비스 [Catalina]을(를) 시작합니다.
10-Jun-2020 03:50:52.785 정보 [main] org.apache.catalina.core.StandardEngine.startInternal Starting Servlet Engine: Apache Tomcat/8.5.56
10-Jun-2020 03:50:52.811 정보 [localhost-startStop-1] org.apache.catalina.startup.HostConfig.deployDirectory 웹 애플리케이션 디렉토리 [C:\JSP\apache-tomcat-8.5.56\webapps\docs]을(를) 배치합니다.
10-Jun-2020 03:50:53.258 정보 [localhost-startStop-1] org.apache.catalina.startup.HostConfig.deployDirectory 웹 애플리케이션 디렉토리 [C:\JSP\apache-tomcat-8.5.56\webapps\docs]에 대한 배치가 [445] 밀리초에 완료되었습니다.
10-Jun-2020 03:50:53.261 정보 [localhost-startStop-1] org.apache.catalina.startup.HostConfig.deployDirectory 웹 애플리케이션 디렉토리 [C:\JSP\apache-tomcat-8.5.56\webapps\examples]을(를) 배치합니다.
10-Jun-2020 03:50:55.391 정보 [localhost-startStop-1] org.apache.catalina.startup.HostConfig.deployDirectory 웹 애플리케이션 디렉토리 [C:\JSP\apache-tomcat-8.5.56\webapps\examples]에 대한 배치가 [2,130] 밀리초에 완료되었습니다.
10-Jun-2020 03:50:55.395 정보 [localhost-startStop-1] org.apache.catalina.startup.HostConfig.deployDirectory 웹 애플리케이션 디렉토리 [C:\JSP\apache-tomcat-8.5.56\webapps\host-manager]을(를) 배치합니다.
10-Jun-2020 03:50:55.477 정보 [localhost-startStop-1] org.apache.catalina.startup.HostConfig.deployDirectory 웹 애플리케이션 디렉토리 [C:\JSP\apache-tomcat-8.5.56\webapps\host-manager]에 대한 배치가 [81] 밀리초에 완료되었습니다.
10-Jun-2020 03:50:55.482 정보 [localhost-startStop-1] org.apache.catalina.startup.HostConfig.deployDirectory 웹 애플리케이션 디렉토리 [C:\JSP\apache-tomcat-8.5.56\webapps\manager]을(를) 배치합니다.
10-Jun-2020 03:50:55.551 정보 [localhost-startStop-1] org.apache.catalina.startup.HostConfig.deployDirectory 웹 애플리케이션 디렉토리 [C:\JSP\apache-tomcat-8.5.56\webapps\manager]에 대한 배치가 [69] 밀리초에 완료되었습니다.
10-Jun-2020 03:50:55.557 정보 [localhost-startStop-1] org.apache.catalina.startup.HostConfig.deployDirectory 웹 애플리케이션 디렉토리 [C:\JSP\apache-tomcat-8.5.56\webapps\ROOT]을(를) 배치합니다.
10-Jun-2020 03:50:55.598 정보 [localhost-startStop-1] org.apache.catalina.startup.HostConfig.deployDirectory 웹 애플리케이션 디렉토리 [C:\JSP\apache-tomcat-8.5.56\webapps\ROOT]에 대한 배치가 [40] 밀리초에 완료되었습니다.
10-Jun-2020 03:50:55.609 정보 [main] org.apache.coyote.AbstractProtocol.start 프로토콜 핸들러 ["http-nio-8080"]을(를) 시작합니다.
10-Jun-2020 03:50:55.633 정보 [main] org.apache.catalina.startup.Catalina.start Server startup in 2919 ms
10-Jun-2020 14:20:11.733 정보 [main] org.apache.catalina.startup.VersionLoggerListener.log 서버 버전 이름:        Apache Tomcat/8.5.56
10-Jun-2020 14:20:11.770 정보 [main] org.apache.catalina.startup.VersionLoggerListener.log Server 빌드 시각:          Jun 3 2020 20:18:30 UTC
10-Jun-2020 14:20:11.770 정보 [main] org.apache.catalina.startup.VersionLoggerListener.log Server 버전 번호:         8.5.56.0
10-Jun-2020 14:20:11.771 정보 [main] org.apache.catalina.startup.VersionLoggerListener.log 운영체제 이름:               Windows 10
10-Jun-2020 14:20:11.771 정보 [main] org.apache.catalina.startup.VersionLoggerListener.log 운영체제 버전:            10.0
10-Jun-2020 14:20:11.771 정보 [main] org.apache.catalina.startup.VersionLoggerListener.log 아키텍처:          amd64
10-Jun-2020 14:20:11.772 정보 [main] org.apache.catalina.startup.VersionLoggerListener.log 자바 홈:             C:\Program Files\Java\jdk1.8.0_251\jre
10-Jun-2020 14:20:11.772 정보 [main] org.apache.catalina.startup.VersionLoggerListener.log JVM 버전:           1.8.0_251-b08
10-Jun-2020 14:20:11.772 정보 [main] org.apache.catalina.startup.VersionLoggerListener.log JVM 벤더:            Oracle Corporation
10-Jun-2020 14:20:11.773 정보 [main] org.apache.catalina.startup.VersionLoggerListener.log CATALINA_BASE:         C:\JSP\apache-tomcat-8.5.56
10-Jun-2020 14:20:11.773 정보 [main] org.apache.catalina.startup.VersionLoggerListener.log CATALINA_HOME:         C:\JSP\apache-tomcat-8.5.56
10-Jun-2020 14:20:11.774 정보 [main] org.apache.catalina.startup.VersionLoggerListener.log 명령 행 아규먼트: -Djava.util.logging.config.file=C:\JSP\apache-tomcat-8.5.56\conf\logging.properties
10-Jun-2020 14:20:11.776 정보 [main] org.apache.catalina.startup.VersionLoggerListener.log 명령 행 아규먼트: -Djava.util.logging.manager=org.apache.juli.ClassLoaderLogManager
10-Jun-2020 14:20:11.779 정보 [main] org.apache.catalina.startup.VersionLoggerListener.log 명령 행 아규먼트: -Djdk.tls.ephemeralDHKeySize=2048
10-Jun-2020 14:20:11.786 정보 [main] org.apache.catalina.startup.VersionLoggerListener.log 명령 행 아규먼트: -Djava.protocol.handler.pkgs=org.apache.catalina.webresources
10-Jun-2020 14:20:11.788 정보 [main] org.apache.catalina.startup.VersionLoggerListener.log 명령 행 아규먼트: -Dignore.endorsed.dirs=
10-Jun-2020 14:20:11.790 정보 [main] org.apache.catalina.startup.VersionLoggerListener.log 명령 행 아규먼트: -Dcatalina.base=C:\JSP\apache-tomcat-8.5.56
10-Jun-2020 14:20:11.792 정보 [main] org.apache.catalina.startup.VersionLoggerListener.log 명령 행 아규먼트: -Dcatalina.home=C:\JSP\apache-tomcat-8.5.56
10-Jun-2020 14:20:11.795 정보 [main] org.apache.catalina.startup.VersionLoggerListener.log 명령 행 아규먼트: -Djava.io.tmpdir=C:\JSP\apache-tomcat-8.5.56\temp
10-Jun-2020 14:20:11.800 정보 [main] org.apache.catalina.core.AprLifecycleListener.lifecycleEvent APR 버전 [1.7.0]을(를) 사용한, APR 기반 Apache Tomcat Native 라이브러리 [1.2.24]을(를) 로드했습니다.
10-Jun-2020 14:20:11.804 정보 [main] org.apache.catalina.core.AprLifecycleListener.lifecycleEvent APR 용량정보들: IPv6 [true], sendfile [true], accept filters [false], random [true].
10-Jun-2020 14:20:11.806 정보 [main] org.apache.catalina.core.AprLifecycleListener.lifecycleEvent APR/OpenSSL 설정: useAprConnector [false], useOpenSSL [true]
10-Jun-2020 14:20:11.841 정보 [main] org.apache.catalina.core.AprLifecycleListener.initializeSSL OpenSSL이 성공적으로 초기화되었습니다: [OpenSSL 1.1.1g  21 Apr 2020]
10-Jun-2020 14:20:12.622 정보 [main] org.apache.coyote.AbstractProtocol.init 프로토콜 핸들러 ["http-nio-8080"]을(를) 초기화합니다.
10-Jun-2020 14:20:13.346 정보 [main] org.apache.tomcat.util.net.NioSelectorPool.getSharedSelector Using a shared selector for servlet write/read
10-Jun-2020 14:20:13.368 정보 [main] org.apache.catalina.startup.Catalina.load Initialization processed in 2558 ms
10-Jun-2020 14:20:13.429 정보 [main] org.apache.catalina.core.StandardService.startInternal 서비스 [Catalina]을(를) 시작합니다.
10-Jun-2020 14:20:13.433 정보 [main] org.apache.catalina.core.StandardEngine.startInternal Starting Servlet Engine: Apache Tomcat/8.5.56
10-Jun-2020 14:20:13.448 정보 [localhost-startStop-1] org.apache.catalina.startup.HostConfig.deployDirectory 웹 애플리케이션 디렉토리 [C:\JSP\apache-tomcat-8.5.56\webapps\docs]을(를) 배치합니다.
10-Jun-2020 14:20:13.872 정보 [localhost-startStop-1] org.apache.catalina.startup.HostConfig.deployDirectory 웹 애플리케이션 디렉토리 [C:\JSP\apache-tomcat-8.5.56\webapps\docs]에 대한 배치가 [422] 밀리초에 완료되었습니다.
10-Jun-2020 14:20:13.881 정보 [localhost-startStop-1] org.apache.catalina.startup.HostConfig.deployDirectory 웹 애플리케이션 디렉토리 [C:\JSP\apache-tomcat-8.5.56\webapps\examples]을(를) 배치합니다.
10-Jun-2020 14:20:15.495 정보 [localhost-startStop-1] org.apache.catalina.startup.HostConfig.deployDirectory 웹 애플리케이션 디렉토리 [C:\JSP\apache-tomcat-8.5.56\webapps\examples]에 대한 배치가 [1,614] 밀리초에 완료되었습니다.
10-Jun-2020 14:20:15.499 정보 [localhost-startStop-1] org.apache.catalina.startup.HostConfig.deployDirectory 웹 애플리케이션 디렉토리 [C:\JSP\apache-tomcat-8.5.56\webapps\host-manager]을(를) 배치합니다.
10-Jun-2020 14:20:15.576 정보 [localhost-startStop-1] org.apache.catalina.startup.HostConfig.deployDirectory 웹 애플리케이션 디렉토리 [C:\JSP\apache-tomcat-8.5.56\webapps\host-manager]에 대한 배치가 [76] 밀리초에 완료되었습니다.
10-Jun-2020 14:20:15.579 정보 [localhost-startStop-1] org.apache.catalina.startup.HostConfig.deployDirectory 웹 애플리케이션 디렉토리 [C:\JSP\apache-tomcat-8.5.56\webapps\manager]을(를) 배치합니다.
10-Jun-2020 14:20:15.645 정보 [localhost-startStop-1] org.apache.catalina.startup.HostConfig.deployDirectory 웹 애플리케이션 디렉토리 [C:\JSP\apache-tomcat-8.5.56\webapps\manager]에 대한 배치가 [66] 밀리초에 완료되었습니다.
10-Jun-2020 14:20:15.650 정보 [localhost-startStop-1] org.apache.catalina.startup.HostConfig.deployDirectory 웹 애플리케이션 디렉토리 [C:\JSP\apache-tomcat-8.5.56\webapps\ROOT]을(를) 배치합니다.
10-Jun-2020 14:20:15.695 정보 [localhost-startStop-1] org.apache.catalina.startup.HostConfig.deployDirectory 웹 애플리케이션 디렉토리 [C:\JSP\apache-tomcat-8.5.56\webapps\ROOT]에 대한 배치가 [45] 밀리초에 완료되었습니다.
10-Jun-2020 14:20:15.706 정보 [main] org.apache.coyote.AbstractProtocol.start 프로토콜 핸들러 ["http-nio-8080"]을(를) 시작합니다.
10-Jun-2020 14:20:15.727 정보 [main] org.apache.catalina.startup.Catalina.start Server startup in 2358 ms
10-Jun-2020 19:50:49.752 정보 [main] org.apache.catalina.startup.VersionLoggerListener.log 서버 버전 이름:        Apache Tomcat/8.5.56
10-Jun-2020 19:50:49.789 정보 [main] org.apache.catalina.startup.VersionLoggerListener.log Server 빌드 시각:          Jun 3 2020 20:18:30 UTC
10-Jun-2020 19:50:49.790 정보 [main] org.apache.catalina.startup.VersionLoggerListener.log Server 버전 번호:         8.5.56.0
10-Jun-2020 19:50:49.790 정보 [main] org.apache.catalina.startup.VersionLoggerListener.log 운영체제 이름:               Windows 10
10-Jun-2020 19:50:49.792 정보 [main] org.apache.catalina.startup.VersionLoggerListener.log 운영체제 버전:            10.0
10-Jun-2020 19:50:49.792 정보 [main] org.apache.catalina.startup.VersionLoggerListener.log 아키텍처:          amd64
10-Jun-2020 19:50:49.793 정보 [main] org.apache.catalina.startup.VersionLoggerListener.log 자바 홈:             C:\Program Files\Java\jdk1.8.0_251\jre
10-Jun-2020 19:50:49.793 정보 [main] org.apache.catalina.startup.VersionLoggerListener.log JVM 버전:           1.8.0_251-b08
10-Jun-2020 19:50:49.794 정보 [main] org.apache.catalina.startup.VersionLoggerListener.log JVM 벤더:            Oracle Corporation
10-Jun-2020 19:50:49.794 정보 [main] org.apache.catalina.startup.VersionLoggerListener.log CATALINA_BASE:         C:\JSP\apache-tomcat-8.5.56
10-Jun-2020 19:50:49.794 정보 [main] org.apache.catalina.startup.VersionLoggerListener.log CATALINA_HOME:         C:\JSP\apache-tomcat-8.5.56
10-Jun-2020 19:50:49.796 정보 [main] org.apache.catalina.startup.VersionLoggerListener.log 명령 행 아규먼트: -Djava.util.logging.config.file=C:\JSP\apache-tomcat-8.5.56\conf\logging.properties
10-Jun-2020 19:50:49.798 정보 [main] org.apache.catalina.startup.VersionLoggerListener.log 명령 행 아규먼트: -Djava.util.logging.manager=org.apache.juli.ClassLoaderLogManager
10-Jun-2020 19:50:49.801 정보 [main] org.apache.catalina.startup.VersionLoggerListener.log 명령 행 아규먼트: -Djdk.tls.ephemeralDHKeySize=2048
10-Jun-2020 19:50:49.806 정보 [main] org.apache.catalina.startup.VersionLoggerListener.log 명령 행 아규먼트: -Djava.protocol.handler.pkgs=org.apache.catalina.webresources
10-Jun-2020 19:50:49.808 정보 [main] org.apache.catalina.startup.VersionLoggerListener.log 명령 행 아규먼트: -Dignore.endorsed.dirs=
10-Jun-2020 19:50:49.811 정보 [main] org.apache.catalina.startup.VersionLoggerListener.log 명령 행 아규먼트: -Dcatalina.base=C:\JSP\apache-tomcat-8.5.56
10-Jun-2020 19:50:49.814 정보 [main] org.apache.catalina.startup.VersionLoggerListener.log 명령 행 아규먼트: -Dcatalina.home=C:\JSP\apache-tomcat-8.5.56
10-Jun-2020 19:50:49.816 정보 [main] org.apache.catalina.startup.VersionLoggerListener.log 명령 행 아규먼트: -Djava.io.tmpdir=C:\JSP\apache-tomcat-8.5.56\temp
10-Jun-2020 19:50:49.818 정보 [main] org.apache.catalina.core.AprLifecycleListener.lifecycleEvent APR 버전 [1.7.0]을(를) 사용한, APR 기반 Apache Tomcat Native 라이브러리 [1.2.24]을(를) 로드했습니다.
10-Jun-2020 19:50:49.822 정보 [main] org.apache.catalina.core.AprLifecycleListener.lifecycleEvent APR 용량정보들: IPv6 [true], sendfile [true], accept filters [false], random [true].
10-Jun-2020 19:50:49.825 정보 [main] org.apache.catalina.core.AprLifecycleListener.lifecycleEvent APR/OpenSSL 설정: useAprConnector [false], useOpenSSL [true]
10-Jun-2020 19:50:49.846 정보 [main] org.apache.catalina.core.AprLifecycleListener.initializeSSL OpenSSL이 성공적으로 초기화되었습니다: [OpenSSL 1.1.1g  21 Apr 2020]
10-Jun-2020 19:50:50.641 정보 [main] org.apache.coyote.AbstractProtocol.init 프로토콜 핸들러 ["http-nio-8080"]을(를) 초기화합니다.
10-Jun-2020 19:50:50.665 심각 [main] org.apache.catalina.core.StandardService.initInternal Failed to initialize connector [Connector[HTTP/1.1-8080]]
	org.apache.catalina.LifecycleException: 프로토콜 핸들러 초기화가 실패했습니다.
		at org.apache.catalina.connector.Connector.initInternal(Connector.java:1077)
		at org.apache.catalina.util.LifecycleBase.init(LifecycleBase.java:136)
		at org.apache.catalina.core.StandardService.initInternal(StandardService.java:552)
		at org.apache.catalina.util.LifecycleBase.init(LifecycleBase.java:136)
		at org.apache.catalina.core.StandardServer.initInternal(StandardServer.java:848)
		at org.apache.catalina.util.LifecycleBase.init(LifecycleBase.java:136)
		at org.apache.catalina.startup.Catalina.load(Catalina.java:639)
		at org.apache.catalina.startup.Catalina.load(Catalina.java:662)
		at sun.reflect.NativeMethodAccessorImpl.invoke0(Native Method)
		at sun.reflect.NativeMethodAccessorImpl.invoke(NativeMethodAccessorImpl.java:62)
		at sun.reflect.DelegatingMethodAccessorImpl.invoke(DelegatingMethodAccessorImpl.java:43)
		at java.lang.reflect.Method.invoke(Method.java:498)
		at org.apache.catalina.startup.Bootstrap.load(Bootstrap.java:303)
		at org.apache.catalina.startup.Bootstrap.main(Bootstrap.java:473)
	Caused by: java.net.BindException: Address already in use: bind
		at sun.nio.ch.Net.bind0(Native Method)
		at sun.nio.ch.Net.bind(Net.java:433)
		at sun.nio.ch.Net.bind(Net.java:425)
		at sun.nio.ch.ServerSocketChannelImpl.bind(ServerSocketChannelImpl.java:223)
		at sun.nio.ch.ServerSocketAdaptor.bind(ServerSocketAdaptor.java:74)
		at org.apache.tomcat.util.net.NioEndpoint.bind(NioEndpoint.java:221)
		at org.apache.tomcat.util.net.AbstractEndpoint.init(AbstractEndpoint.java:1118)
		at org.apache.tomcat.util.net.AbstractJsseEndpoint.init(AbstractJsseEndpoint.java:222)
		at org.apache.coyote.AbstractProtocol.init(AbstractProtocol.java:587)
		at org.apache.coyote.http11.AbstractHttp11Protocol.init(AbstractHttp11Protocol.java:74)
		at org.apache.catalina.connector.Connector.initInternal(Connector.java:1075)
		... 13 more
10-Jun-2020 19:50:50.673 정보 [main] org.apache.catalina.startup.Catalina.load Initialization processed in 1725 ms
10-Jun-2020 19:50:50.750 정보 [main] org.apache.catalina.core.StandardService.startInternal 서비스 [Catalina]을(를) 시작합니다.
10-Jun-2020 19:50:50.753 정보 [main] org.apache.catalina.core.StandardEngine.startInternal Starting Servlet Engine: Apache Tomcat/8.5.56
10-Jun-2020 19:50:50.779 정보 [localhost-startStop-1] org.apache.catalina.startup.HostConfig.deployDirectory 웹 애플리케이션 디렉토리 [C:\JSP\apache-tomcat-8.5.56\webapps\docs]을(를) 배치합니다.
10-Jun-2020 19:50:51.867 경고 [localhost-startStop-1] org.apache.catalina.util.SessionIdGeneratorBase.createSecureRandom [SHA1PRNG] 알고리즘을 사용하여, 세션 ID를 생성하기 위한 SecureRandom 객체를 생성하는데, [628] 밀리초가 소요됐습니다.
10-Jun-2020 19:50:51.931 정보 [localhost-startStop-1] org.apache.catalina.startup.HostConfig.deployDirectory 웹 애플리케이션 디렉토리 [C:\JSP\apache-tomcat-8.5.56\webapps\docs]에 대한 배치가 [1,152] 밀리초에 완료되었습니다.
10-Jun-2020 19:50:51.936 정보 [localhost-startStop-1] org.apache.catalina.startup.HostConfig.deployDirectory 웹 애플리케이션 디렉토리 [C:\JSP\apache-tomcat-8.5.56\webapps\examples]을(를) 배치합니다.
10-Jun-2020 19:50:54.072 정보 [localhost-startStop-1] org.apache.catalina.startup.HostConfig.deployDirectory 웹 애플리케이션 디렉토리 [C:\JSP\apache-tomcat-8.5.56\webapps\examples]에 대한 배치가 [2,135] 밀리초에 완료되었습니다.
10-Jun-2020 19:50:54.076 정보 [localhost-startStop-1] org.apache.catalina.startup.HostConfig.deployDirectory 웹 애플리케이션 디렉토리 [C:\JSP\apache-tomcat-8.5.56\webapps\host-manager]을(를) 배치합니다.
10-Jun-2020 19:50:54.155 정보 [localhost-startStop-1] org.apache.catalina.startup.HostConfig.deployDirectory 웹 애플리케이션 디렉토리 [C:\JSP\apache-tomcat-8.5.56\webapps\host-manager]에 대한 배치가 [79] 밀리초에 완료되었습니다.
10-Jun-2020 19:50:54.159 정보 [localhost-startStop-1] org.apache.catalina.startup.HostConfig.deployDirectory 웹 애플리케이션 디렉토리 [C:\JSP\apache-tomcat-8.5.56\webapps\manager]을(를) 배치합니다.
10-Jun-2020 19:50:54.223 정보 [localhost-startStop-1] org.apache.catalina.startup.HostConfig.deployDirectory 웹 애플리케이션 디렉토리 [C:\JSP\apache-tomcat-8.5.56\webapps\manager]에 대한 배치가 [64] 밀리초에 완료되었습니다.
10-Jun-2020 19:50:54.228 정보 [localhost-startStop-1] org.apache.catalina.startup.HostConfig.deployDirectory 웹 애플리케이션 디렉토리 [C:\JSP\apache-tomcat-8.5.56\webapps\ROOT]을(를) 배치합니다.
10-Jun-2020 19:50:54.279 정보 [localhost-startStop-1] org.apache.catalina.startup.HostConfig.deployDirectory 웹 애플리케이션 디렉토리 [C:\JSP\apache-tomcat-8.5.56\webapps\ROOT]에 대한 배치가 [51] 밀리초에 완료되었습니다.
10-Jun-2020 19:50:54.290 정보 [main] org.apache.catalina.startup.Catalina.start Server startup in 3615 ms
10-Jun-2020 19:50:54.303 심각 [main] org.apache.catalina.core.StandardServer.await StandardServer.await: create[localhost:8005]: 
	java.net.BindException: Address already in use: JVM_Bind
		at java.net.DualStackPlainSocketImpl.bind0(Native Method)
		at java.net.DualStackPlainSocketImpl.socketBind(DualStackPlainSocketImpl.java:106)
		at java.net.AbstractPlainSocketImpl.bind(AbstractPlainSocketImpl.java:387)
		at java.net.PlainSocketImpl.bind(PlainSocketImpl.java:190)
		at java.net.ServerSocket.bind(ServerSocket.java:375)
		at java.net.ServerSocket.<init>(ServerSocket.java:237)
		at org.apache.catalina.core.StandardServer.await(StandardServer.java:421)
		at org.apache.catalina.startup.Catalina.await(Catalina.java:776)
		at org.apache.catalina.startup.Catalina.start(Catalina.java:722)
		at sun.reflect.NativeMethodAccessorImpl.invoke0(Native Method)
		at sun.reflect.NativeMethodAccessorImpl.invoke(NativeMethodAccessorImpl.java:62)
		at sun.reflect.DelegatingMethodAccessorImpl.invoke(DelegatingMethodAccessorImpl.java:43)
		at java.lang.reflect.Method.invoke(Method.java:498)
		at org.apache.catalina.startup.Bootstrap.start(Bootstrap.java:343)
		at org.apache.catalina.startup.Bootstrap.main(Bootstrap.java:474)
10-Jun-2020 19:50:54.307 정보 [main] org.apache.coyote.AbstractProtocol.pause 프로토콜 핸들러 ["http-nio-8080"]을(를) 일시 정지 중
10-Jun-2020 19:50:54.311 정보 [main] org.apache.catalina.core.StandardService.stopInternal 서비스 [Catalina]을(를) 중지시킵니다.
10-Jun-2020 19:50:54.345 정보 [main] org.apache.coyote.AbstractProtocol.stop 프로토콜 핸들러 ["http-nio-8080"]을(를) 중지시킵니다.
10-Jun-2020 19:50:54.349 정보 [main] org.apache.coyote.AbstractProtocol.destroy 프로토콜 핸들러 ["http-nio-8080"]을(를) 소멸시킵니다.
10-Jun-2020 19:52:04.633 정보 [main] org.apache.catalina.startup.VersionLoggerListener.log 서버 버전 이름:        Apache Tomcat/8.5.56
10-Jun-2020 19:52:04.633 정보 [main] org.apache.catalina.startup.VersionLoggerListener.log Server 빌드 시각:          Jun 3 2020 20:18:30 UTC
10-Jun-2020 19:52:04.633 정보 [main] org.apache.catalina.startup.VersionLoggerListener.log Server 버전 번호:         8.5.56.0
10-Jun-2020 19:52:04.633 정보 [main] org.apache.catalina.startup.VersionLoggerListener.log 운영체제 이름:               Windows 10
10-Jun-2020 19:52:04.633 정보 [main] org.apache.catalina.startup.VersionLoggerListener.log 운영체제 버전:            10.0
10-Jun-2020 19:52:04.633 정보 [main] org.apache.catalina.startup.VersionLoggerListener.log 아키텍처:          amd64
10-Jun-2020 19:52:04.633 정보 [main] org.apache.catalina.startup.VersionLoggerListener.log 자바 홈:             C:\Program Files\Java\jdk1.8.0_251\jre
10-Jun-2020 19:52:04.633 정보 [main] org.apache.catalina.startup.VersionLoggerListener.log JVM 버전:           1.8.0_251-b08
10-Jun-2020 19:52:04.633 정보 [main] org.apache.catalina.startup.VersionLoggerListener.log JVM 벤더:            Oracle Corporation
10-Jun-2020 19:52:04.633 정보 [main] org.apache.catalina.startup.VersionLoggerListener.log CATALINA_BASE:         C:\JSP\apache-tomcat-8.5.56
10-Jun-2020 19:52:04.633 정보 [main] org.apache.catalina.startup.VersionLoggerListener.log CATALINA_HOME:         C:\JSP\apache-tomcat-8.5.56
10-Jun-2020 19:52:04.633 정보 [main] org.apache.catalina.startup.VersionLoggerListener.log 명령 행 아규먼트: -Djava.util.logging.config.file=C:\JSP\apache-tomcat-8.5.56\conf\logging.properties
10-Jun-2020 19:52:04.633 정보 [main] org.apache.catalina.startup.VersionLoggerListener.log 명령 행 아규먼트: -Djava.util.logging.manager=org.apache.juli.ClassLoaderLogManager
10-Jun-2020 19:52:04.649 정보 [main] org.apache.catalina.startup.VersionLoggerListener.log 명령 행 아규먼트: -Djdk.tls.ephemeralDHKeySize=2048
10-Jun-2020 19:52:04.649 정보 [main] org.apache.catalina.startup.VersionLoggerListener.log 명령 행 아규먼트: -Djava.protocol.handler.pkgs=org.apache.catalina.webresources
10-Jun-2020 19:52:04.649 정보 [main] org.apache.catalina.startup.VersionLoggerListener.log 명령 행 아규먼트: -Dignore.endorsed.dirs=
10-Jun-2020 19:52:04.649 정보 [main] org.apache.catalina.startup.VersionLoggerListener.log 명령 행 아규먼트: -Dcatalina.base=C:\JSP\apache-tomcat-8.5.56
10-Jun-2020 19:52:04.649 정보 [main] org.apache.catalina.startup.VersionLoggerListener.log 명령 행 아규먼트: -Dcatalina.home=C:\JSP\apache-tomcat-8.5.56
10-Jun-2020 19:52:04.665 정보 [main] org.apache.catalina.startup.VersionLoggerListener.log 명령 행 아규먼트: -Djava.io.tmpdir=C:\JSP\apache-tomcat-8.5.56\temp
10-Jun-2020 19:52:04.665 정보 [main] org.apache.catalina.core.AprLifecycleListener.lifecycleEvent APR 버전 [1.7.0]을(를) 사용한, APR 기반 Apache Tomcat Native 라이브러리 [1.2.24]을(를) 로드했습니다.
10-Jun-2020 19:52:04.665 정보 [main] org.apache.catalina.core.AprLifecycleListener.lifecycleEvent APR 용량정보들: IPv6 [true], sendfile [true], accept filters [false], random [true].
10-Jun-2020 19:52:04.665 정보 [main] org.apache.catalina.core.AprLifecycleListener.lifecycleEvent APR/OpenSSL 설정: useAprConnector [false], useOpenSSL [true]
10-Jun-2020 19:52:04.680 정보 [main] org.apache.catalina.core.AprLifecycleListener.initializeSSL OpenSSL이 성공적으로 초기화되었습니다: [OpenSSL 1.1.1g  21 Apr 2020]
10-Jun-2020 19:52:04.899 정보 [main] org.apache.coyote.AbstractProtocol.init 프로토콜 핸들러 ["http-nio-8080"]을(를) 초기화합니다.
10-Jun-2020 19:52:05.618 정보 [main] org.apache.tomcat.util.net.NioSelectorPool.getSharedSelector Using a shared selector for servlet write/read
10-Jun-2020 19:52:05.633 정보 [main] org.apache.catalina.startup.Catalina.load Initialization processed in 1654 ms
10-Jun-2020 19:52:05.680 정보 [main] org.apache.catalina.core.StandardService.startInternal 서비스 [Catalina]을(를) 시작합니다.
10-Jun-2020 19:52:05.696 정보 [main] org.apache.catalina.core.StandardEngine.startInternal Starting Servlet Engine: Apache Tomcat/8.5.56
10-Jun-2020 19:52:05.711 정보 [localhost-startStop-1] org.apache.catalina.startup.HostConfig.deployDirectory 웹 애플리케이션 디렉토리 [C:\JSP\apache-tomcat-8.5.56\webapps\docs]을(를) 배치합니다.
10-Jun-2020 19:52:06.102 정보 [localhost-startStop-1] org.apache.catalina.startup.HostConfig.deployDirectory 웹 애플리케이션 디렉토리 [C:\JSP\apache-tomcat-8.5.56\webapps\docs]에 대한 배치가 [375] 밀리초에 완료되었습니다.
10-Jun-2020 19:52:06.102 정보 [localhost-startStop-1] org.apache.catalina.startup.HostConfig.deployDirectory 웹 애플리케이션 디렉토리 [C:\JSP\apache-tomcat-8.5.56\webapps\examples]을(를) 배치합니다.
10-Jun-2020 19:52:06.758 정보 [localhost-startStop-1] org.apache.catalina.startup.HostConfig.deployDirectory 웹 애플리케이션 디렉토리 [C:\JSP\apache-tomcat-8.5.56\webapps\examples]에 대한 배치가 [656] 밀리초에 완료되었습니다.
10-Jun-2020 19:52:06.758 정보 [localhost-startStop-1] org.apache.catalina.startup.HostConfig.deployDirectory 웹 애플리케이션 디렉토리 [C:\JSP\apache-tomcat-8.5.56\webapps\host-manager]을(를) 배치합니다.
10-Jun-2020 19:52:06.805 정보 [localhost-startStop-1] org.apache.catalina.startup.HostConfig.deployDirectory 웹 애플리케이션 디렉토리 [C:\JSP\apache-tomcat-8.5.56\webapps\host-manager]에 대한 배치가 [47] 밀리초에 완료되었습니다.
10-Jun-2020 19:52:06.821 정보 [localhost-startStop-1] org.apache.catalina.startup.HostConfig.deployDirectory 웹 애플리케이션 디렉토리 [C:\JSP\apache-tomcat-8.5.56\webapps\manager]을(를) 배치합니다.
10-Jun-2020 19:52:06.883 정보 [localhost-startStop-1] org.apache.catalina.startup.HostConfig.deployDirectory 웹 애플리케이션 디렉토리 [C:\JSP\apache-tomcat-8.5.56\webapps\manager]에 대한 배치가 [62] 밀리초에 완료되었습니다.
10-Jun-2020 19:52:06.883 정보 [localhost-startStop-1] org.apache.catalina.startup.HostConfig.deployDirectory 웹 애플리케이션 디렉토리 [C:\JSP\apache-tomcat-8.5.56\webapps\ROOT]을(를) 배치합니다.
10-Jun-2020 19:52:06.930 정보 [localhost-startStop-1] org.apache.catalina.startup.HostConfig.deployDirectory 웹 애플리케이션 디렉토리 [C:\JSP\apache-tomcat-8.5.56\webapps\ROOT]에 대한 배치가 [47] 밀리초에 완료되었습니다.
10-Jun-2020 19:52:06.946 정보 [main] org.apache.coyote.AbstractProtocol.start 프로토콜 핸들러 ["http-nio-8080"]을(를) 시작합니다.
10-Jun-2020 19:52:06.961 정보 [main] org.apache.catalina.startup.Catalina.start Server startup in 1325 ms
10-Jun-2020 19:54:28.219 정보 [main] org.apache.catalina.startup.VersionLoggerListener.log 서버 버전 이름:        Apache Tomcat/8.5.56
10-Jun-2020 19:54:28.227 정보 [main] org.apache.catalina.startup.VersionLoggerListener.log Server 빌드 시각:          Jun 3 2020 20:18:30 UTC
10-Jun-2020 19:54:28.228 정보 [main] org.apache.catalina.startup.VersionLoggerListener.log Server 버전 번호:         8.5.56.0
10-Jun-2020 19:54:28.228 정보 [main] org.apache.catalina.startup.VersionLoggerListener.log 운영체제 이름:               Windows 10
10-Jun-2020 19:54:28.228 정보 [main] org.apache.catalina.startup.VersionLoggerListener.log 운영체제 버전:            10.0
10-Jun-2020 19:54:28.229 정보 [main] org.apache.catalina.startup.VersionLoggerListener.log 아키텍처:          amd64
10-Jun-2020 19:54:28.229 정보 [main] org.apache.catalina.startup.VersionLoggerListener.log 자바 홈:             C:\Program Files\Java\jdk1.8.0_251\jre
10-Jun-2020 19:54:28.229 정보 [main] org.apache.catalina.startup.VersionLoggerListener.log JVM 버전:           1.8.0_251-b08
10-Jun-2020 19:54:28.230 정보 [main] org.apache.catalina.startup.VersionLoggerListener.log JVM 벤더:            Oracle Corporation
10-Jun-2020 19:54:28.230 정보 [main] org.apache.catalina.startup.VersionLoggerListener.log CATALINA_BASE:         C:\JSP\apache-tomcat-8.5.56
10-Jun-2020 19:54:28.230 정보 [main] org.apache.catalina.startup.VersionLoggerListener.log CATALINA_HOME:         C:\JSP\apache-tomcat-8.5.56
10-Jun-2020 19:54:28.232 정보 [main] org.apache.catalina.startup.VersionLoggerListener.log 명령 행 아규먼트: -Djava.util.logging.config.file=C:\JSP\apache-tomcat-8.5.56\conf\logging.properties
10-Jun-2020 19:54:28.234 정보 [main] org.apache.catalina.startup.VersionLoggerListener.log 명령 행 아규먼트: -Djava.util.logging.manager=org.apache.juli.ClassLoaderLogManager
10-Jun-2020 19:54:28.237 정보 [main] org.apache.catalina.startup.VersionLoggerListener.log 명령 행 아규먼트: -Djdk.tls.ephemeralDHKeySize=2048
10-Jun-2020 19:54:28.241 정보 [main] org.apache.catalina.startup.VersionLoggerListener.log 명령 행 아규먼트: -Djava.protocol.handler.pkgs=org.apache.catalina.webresources
10-Jun-2020 19:54:28.243 정보 [main] org.apache.catalina.startup.VersionLoggerListener.log 명령 행 아규먼트: -Dignore.endorsed.dirs=
10-Jun-2020 19:54:28.245 정보 [main] org.apache.catalina.startup.VersionLoggerListener.log 명령 행 아규먼트: -Dcatalina.base=C:\JSP\apache-tomcat-8.5.56
10-Jun-2020 19:54:28.247 정보 [main] org.apache.catalina.startup.VersionLoggerListener.log 명령 행 아규먼트: -Dcatalina.home=C:\JSP\apache-tomcat-8.5.56
10-Jun-2020 19:54:28.250 정보 [main] org.apache.catalina.startup.VersionLoggerListener.log 명령 행 아규먼트: -Djava.io.tmpdir=C:\JSP\apache-tomcat-8.5.56\temp
10-Jun-2020 19:54:28.252 정보 [main] org.apache.catalina.core.AprLifecycleListener.lifecycleEvent APR 버전 [1.7.0]을(를) 사용한, APR 기반 Apache Tomcat Native 라이브러리 [1.2.24]을(를) 로드했습니다.
10-Jun-2020 19:54:28.256 정보 [main] org.apache.catalina.core.AprLifecycleListener.lifecycleEvent APR 용량정보들: IPv6 [true], sendfile [true], accept filters [false], random [true].
10-Jun-2020 19:54:28.258 정보 [main] org.apache.catalina.core.AprLifecycleListener.lifecycleEvent APR/OpenSSL 설정: useAprConnector [false], useOpenSSL [true]
10-Jun-2020 19:54:28.274 정보 [main] org.apache.catalina.core.AprLifecycleListener.initializeSSL OpenSSL이 성공적으로 초기화되었습니다: [OpenSSL 1.1.1g  21 Apr 2020]
10-Jun-2020 19:54:28.453 정보 [main] org.apache.coyote.AbstractProtocol.init 프로토콜 핸들러 ["http-nio-8080"]을(를) 초기화합니다.
10-Jun-2020 19:54:29.165 정보 [main] org.apache.tomcat.util.net.NioSelectorPool.getSharedSelector Using a shared selector for servlet write/read
10-Jun-2020 19:54:29.189 정보 [main] org.apache.catalina.startup.Catalina.load Initialization processed in 1563 ms
10-Jun-2020 19:54:29.254 정보 [main] org.apache.catalina.core.StandardService.startInternal 서비스 [Catalina]을(를) 시작합니다.
10-Jun-2020 19:54:29.258 정보 [main] org.apache.catalina.core.StandardEngine.startInternal Starting Servlet Engine: Apache Tomcat/8.5.56
10-Jun-2020 19:54:29.276 정보 [localhost-startStop-1] org.apache.catalina.startup.HostConfig.deployDirectory 웹 애플리케이션 디렉토리 [C:\JSP\apache-tomcat-8.5.56\webapps\docs]을(를) 배치합니다.
10-Jun-2020 19:54:29.684 정보 [localhost-startStop-1] org.apache.catalina.startup.HostConfig.deployDirectory 웹 애플리케이션 디렉토리 [C:\JSP\apache-tomcat-8.5.56\webapps\docs]에 대한 배치가 [406] 밀리초에 완료되었습니다.
10-Jun-2020 19:54:29.688 정보 [localhost-startStop-1] org.apache.catalina.startup.HostConfig.deployDirectory 웹 애플리케이션 디렉토리 [C:\JSP\apache-tomcat-8.5.56\webapps\examples]을(를) 배치합니다.
10-Jun-2020 19:54:30.260 정보 [localhost-startStop-1] org.apache.catalina.startup.HostConfig.deployDirectory 웹 애플리케이션 디렉토리 [C:\JSP\apache-tomcat-8.5.56\webapps\examples]에 대한 배치가 [572] 밀리초에 완료되었습니다.
10-Jun-2020 19:54:30.263 정보 [localhost-startStop-1] org.apache.catalina.startup.HostConfig.deployDirectory 웹 애플리케이션 디렉토리 [C:\JSP\apache-tomcat-8.5.56\webapps\host-manager]을(를) 배치합니다.
10-Jun-2020 19:54:30.312 정보 [localhost-startStop-1] org.apache.catalina.startup.HostConfig.deployDirectory 웹 애플리케이션 디렉토리 [C:\JSP\apache-tomcat-8.5.56\webapps\host-manager]에 대한 배치가 [49] 밀리초에 완료되었습니다.
10-Jun-2020 19:54:30.317 정보 [localhost-startStop-1] org.apache.catalina.startup.HostConfig.deployDirectory 웹 애플리케이션 디렉토리 [C:\JSP\apache-tomcat-8.5.56\webapps\manager]을(를) 배치합니다.
10-Jun-2020 19:54:30.368 정보 [localhost-startStop-1] org.apache.catalina.startup.HostConfig.deployDirectory 웹 애플리케이션 디렉토리 [C:\JSP\apache-tomcat-8.5.56\webapps\manager]에 대한 배치가 [51] 밀리초에 완료되었습니다.
10-Jun-2020 19:54:30.372 정보 [localhost-startStop-1] org.apache.catalina.startup.HostConfig.deployDirectory 웹 애플리케이션 디렉토리 [C:\JSP\apache-tomcat-8.5.56\webapps\ROOT]을(를) 배치합니다.
10-Jun-2020 19:54:30.406 정보 [localhost-startStop-1] org.apache.catalina.startup.HostConfig.deployDirectory 웹 애플리케이션 디렉토리 [C:\JSP\apache-tomcat-8.5.56\webapps\ROOT]에 대한 배치가 [34] 밀리초에 완료되었습니다.
10-Jun-2020 19:54:30.411 정보 [main] org.apache.coyote.AbstractProtocol.start 프로토콜 핸들러 ["http-nio-8080"]을(를) 시작합니다.
10-Jun-2020 19:54:30.427 정보 [main] org.apache.catalina.startup.Catalina.start Server startup in 1236 ms
10-Jun-2020 23:21:11.974 정보 [main] org.apache.catalina.startup.VersionLoggerListener.log 서버 버전 이름:        Apache Tomcat/8.5.56
10-Jun-2020 23:21:12.002 정보 [main] org.apache.catalina.startup.VersionLoggerListener.log Server 빌드 시각:          Jun 3 2020 20:18:30 UTC
10-Jun-2020 23:21:12.002 정보 [main] org.apache.catalina.startup.VersionLoggerListener.log Server 버전 번호:         8.5.56.0
10-Jun-2020 23:21:12.002 정보 [main] org.apache.catalina.startup.VersionLoggerListener.log 운영체제 이름:               Windows 10
10-Jun-2020 23:21:12.003 정보 [main] org.apache.catalina.startup.VersionLoggerListener.log 운영체제 버전:            10.0
10-Jun-2020 23:21:12.003 정보 [main] org.apache.catalina.startup.VersionLoggerListener.log 아키텍처:          amd64
10-Jun-2020 23:21:12.003 정보 [main] org.apache.catalina.startup.VersionLoggerListener.log 자바 홈:             C:\Program Files\Java\jdk1.8.0_251\jre
10-Jun-2020 23:21:12.004 정보 [main] org.apache.catalina.startup.VersionLoggerListener.log JVM 버전:           1.8.0_251-b08
10-Jun-2020 23:21:12.004 정보 [main] org.apache.catalina.startup.VersionLoggerListener.log JVM 벤더:            Oracle Corporation
10-Jun-2020 23:21:12.004 정보 [main] org.apache.catalina.startup.VersionLoggerListener.log CATALINA_BASE:         C:\JSP\apache-tomcat-8.5.56
10-Jun-2020 23:21:12.005 정보 [main] org.apache.catalina.startup.VersionLoggerListener.log CATALINA_HOME:         C:\JSP\apache-tomcat-8.5.56
10-Jun-2020 23:21:12.006 정보 [main] org.apache.catalina.startup.VersionLoggerListener.log 명령 행 아규먼트: -Djava.util.logging.config.file=C:\JSP\apache-tomcat-8.5.56\conf\logging.properties
10-Jun-2020 23:21:12.008 정보 [main] org.apache.catalina.startup.VersionLoggerListener.log 명령 행 아규먼트: -Djava.util.logging.manager=org.apache.juli.ClassLoaderLogManager
10-Jun-2020 23:21:12.010 정보 [main] org.apache.catalina.startup.VersionLoggerListener.log 명령 행 아규먼트: -Djdk.tls.ephemeralDHKeySize=2048
10-Jun-2020 23:21:12.011 정보 [main] org.apache.catalina.startup.VersionLoggerListener.log 명령 행 아규먼트: -Djava.protocol.handler.pkgs=org.apache.catalina.webresources
10-Jun-2020 23:21:12.016 정보 [main] org.apache.catalina.startup.VersionLoggerListener.log 명령 행 아규먼트: -Dignore.endorsed.dirs=
10-Jun-2020 23:21:12.018 정보 [main] org.apache.catalina.startup.VersionLoggerListener.log 명령 행 아규먼트: -Dcatalina.base=C:\JSP\apache-tomcat-8.5.56
10-Jun-2020 23:21:12.020 정보 [main] org.apache.catalina.startup.VersionLoggerListener.log 명령 행 아규먼트: -Dcatalina.home=C:\JSP\apache-tomcat-8.5.56
10-Jun-2020 23:21:12.022 정보 [main] org.apache.catalina.startup.VersionLoggerListener.log 명령 행 아규먼트: -Djava.io.tmpdir=C:\JSP\apache-tomcat-8.5.56\temp
10-Jun-2020 23:21:12.026 정보 [main] org.apache.catalina.core.AprLifecycleListener.lifecycleEvent APR 버전 [1.7.0]을(를) 사용한, APR 기반 Apache Tomcat Native 라이브러리 [1.2.24]을(를) 로드했습니다.
10-Jun-2020 23:21:12.030 정보 [main] org.apache.catalina.core.AprLifecycleListener.lifecycleEvent APR 용량정보들: IPv6 [true], sendfile [true], accept filters [false], random [true].
10-Jun-2020 23:21:12.032 정보 [main] org.apache.catalina.core.AprLifecycleListener.lifecycleEvent APR/OpenSSL 설정: useAprConnector [false], useOpenSSL [true]
10-Jun-2020 23:21:12.055 정보 [main] org.apache.catalina.core.AprLifecycleListener.initializeSSL OpenSSL이 성공적으로 초기화되었습니다: [OpenSSL 1.1.1g  21 Apr 2020]
10-Jun-2020 23:21:12.928 정보 [main] org.apache.coyote.AbstractProtocol.init 프로토콜 핸들러 ["http-nio-8080"]을(를) 초기화합니다.
10-Jun-2020 23:21:13.735 정보 [main] org.apache.tomcat.util.net.NioSelectorPool.getSharedSelector Using a shared selector for servlet write/read
10-Jun-2020 23:21:13.760 정보 [main] org.apache.catalina.startup.Catalina.load Initialization processed in 2492 ms
10-Jun-2020 23:21:13.835 정보 [main] org.apache.catalina.core.StandardService.startInternal 서비스 [Catalina]을(를) 시작합니다.
10-Jun-2020 23:21:13.839 정보 [main] org.apache.catalina.core.StandardEngine.startInternal Starting Servlet Engine: Apache Tomcat/8.5.56
10-Jun-2020 23:21:13.861 정보 [localhost-startStop-1] org.apache.catalina.startup.HostConfig.deployDirectory 웹 애플리케이션 디렉토리 [C:\JSP\apache-tomcat-8.5.56\webapps\docs]을(를) 배치합니다.
10-Jun-2020 23:21:14.360 정보 [localhost-startStop-1] org.apache.catalina.startup.HostConfig.deployDirectory 웹 애플리케이션 디렉토리 [C:\JSP\apache-tomcat-8.5.56\webapps\docs]에 대한 배치가 [497] 밀리초에 완료되었습니다.
10-Jun-2020 23:21:14.364 정보 [localhost-startStop-1] org.apache.catalina.startup.HostConfig.deployDirectory 웹 애플리케이션 디렉토리 [C:\JSP\apache-tomcat-8.5.56\webapps\examples]을(를) 배치합니다.
10-Jun-2020 23:21:16.442 정보 [localhost-startStop-1] org.apache.catalina.startup.HostConfig.deployDirectory 웹 애플리케이션 디렉토리 [C:\JSP\apache-tomcat-8.5.56\webapps\examples]에 대한 배치가 [2,077] 밀리초에 완료되었습니다.
10-Jun-2020 23:21:16.446 정보 [localhost-startStop-1] org.apache.catalina.startup.HostConfig.deployDirectory 웹 애플리케이션 디렉토리 [C:\JSP\apache-tomcat-8.5.56\webapps\host-manager]을(를) 배치합니다.
10-Jun-2020 23:21:16.522 정보 [localhost-startStop-1] org.apache.catalina.startup.HostConfig.deployDirectory 웹 애플리케이션 디렉토리 [C:\JSP\apache-tomcat-8.5.56\webapps\host-manager]에 대한 배치가 [76] 밀리초에 완료되었습니다.
10-Jun-2020 23:21:16.526 정보 [localhost-startStop-1] org.apache.catalina.startup.HostConfig.deployDirectory 웹 애플리케이션 디렉토리 [C:\JSP\apache-tomcat-8.5.56\webapps\manager]을(를) 배치합니다.
10-Jun-2020 23:21:16.595 정보 [localhost-startStop-1] org.apache.catalina.startup.HostConfig.deployDirectory 웹 애플리케이션 디렉토리 [C:\JSP\apache-tomcat-8.5.56\webapps\manager]에 대한 배치가 [68] 밀리초에 완료되었습니다.
10-Jun-2020 23:21:16.600 정보 [localhost-startStop-1] org.apache.catalina.startup.HostConfig.deployDirectory 웹 애플리케이션 디렉토리 [C:\JSP\apache-tomcat-8.5.56\webapps\ROOT]을(를) 배치합니다.
10-Jun-2020 23:21:16.656 정보 [localhost-startStop-1] org.apache.catalina.startup.HostConfig.deployDirectory 웹 애플리케이션 디렉토리 [C:\JSP\apache-tomcat-8.5.56\webapps\ROOT]에 대한 배치가 [56] 밀리초에 완료되었습니다.
10-Jun-2020 23:21:16.668 정보 [main] org.apache.coyote.AbstractProtocol.start 프로토콜 핸들러 ["http-nio-8080"]을(를) 시작합니다.
10-Jun-2020 23:21:16.687 정보 [main] org.apache.catalina.startup.Catalina.start Server startup in 2925 ms
10-Jun-2020 23:21:36.756 정보 [Thread-4] org.apache.coyote.AbstractProtocol.pause 프로토콜 핸들러 ["http-nio-8080"]을(를) 일시 정지 중
10-Jun-2020 23:21:37.391 정보 [Thread-4] org.apache.catalina.core.StandardService.stopInternal 서비스 [Catalina]을(를) 중지시킵니다.
10-Jun-2020 23:21:37.462 정보 [Thread-4] org.apache.coyote.AbstractProtocol.stop 프로토콜 핸들러 ["http-nio-8080"]을(를) 중지시킵니다.
10-Jun-2020 23:21:37.472 정보 [Thread-4] org.apache.coyote.AbstractProtocol.destroy 프로토콜 핸들러 ["http-nio-8080"]을(를) 소멸시킵니다.
